The target system is: Android - 23 - armv5te
The host system is: Linux - 4.4.25-040425-generic - x86_64
Determining if the C compiler works passed with the following output:
Change Dir: /home/jay/Dropbox/Mtech/s3/Android_Thesis/test_codes/addr-info/samples/android-cross-compile/hello-ROP/app/.externalNativeBuild/cmake/armDebug/armeabi/CMakeFiles/CMakeTmp

Run Build Command:"/home/jay/android-sdk-linux/cmake/3.6.3155560/bin/ninja" "cmTC_b9020"
[1/2] Building C object CMakeFiles/cmTC_b9020.dir/testCCompiler.c.o
[2/2] Linking C executable cmTC_b9020


Detecting C compiler ABI info compiled with the following output:
Change Dir: /home/jay/Dropbox/Mtech/s3/Android_Thesis/test_codes/addr-info/samples/android-cross-compile/hello-ROP/app/.externalNativeBuild/cmake/armDebug/armeabi/CMakeFiles/CMakeTmp

Run Build Command:"/home/jay/android-sdk-linux/cmake/3.6.3155560/bin/ninja" "cmTC_336e9"
[1/2] Building C object CMakeFiles/cmTC_336e9.dir/CMakeCCompilerABI.c.o
[2/2] Linking C executable cmTC_336e9
Android clang version 3.8.256229  (based on LLVM 3.8.256229)
Target: armv5te-none-linux-android
Thread model: posix
InstalledDir: /home/jay/android-sdk-linux/android-ndk-r12b/toolchains/llvm/prebuilt/linux-x86_64/bin
Found candidate GCC installation: /home/jay/android-sdk-linux/android-ndk-r12b/toolchains/arm-linux-androideabi-4.9/prebuilt/linux-x86_64/lib/gcc/arm-linux-androideabi/4.9.x
Selected GCC installation: /home/jay/android-sdk-linux/android-ndk-r12b/toolchains/arm-linux-androideabi-4.9/prebuilt/linux-x86_64/lib/gcc/arm-linux-androideabi/4.9.x
Candidate multilib: .;@m32
Selected multilib: .;@m32
 "/home/jay/android-sdk-linux/android-ndk-r12b/toolchains/arm-linux-androideabi-4.9/prebuilt/linux-x86_64/lib/gcc/arm-linux-androideabi/4.9.x/../../../../arm-linux-androideabi/bin/ld" --sysroot=/home/jay/android-sdk-linux/android-ndk-r12b/platforms/android-23/arch-arm -pie -X --eh-frame-hdr -m armelf_linux_eabi -dynamic-linker /system/bin/linker -o cmTC_336e9 /home/jay/android-sdk-linux/android-ndk-r12b/platforms/android-23/arch-arm/usr/lib/../lib/crtbegin_dynamic.o -L/home/jay/android-sdk-linux/android-ndk-r12b/toolchains/arm-linux-androideabi-4.9/prebuilt/linux-x86_64/lib/gcc/arm-linux-androideabi/4.9.x -L/home/jay/android-sdk-linux/android-ndk-r12b/toolchains/arm-linux-androideabi-4.9/prebuilt/linux-x86_64/lib/gcc/arm-linux-androideabi/4.9.x/../../../../arm-linux-androideabi/lib/../lib -L/home/jay/android-sdk-linux/android-ndk-r12b/platforms/android-23/arch-arm/usr/lib/../lib -L/home/jay/android-sdk-linux/android-ndk-r12b/toolchains/arm-linux-androideabi-4.9/prebuilt/linux-x86_64/lib/gcc/arm-linux-androideabi/4.9.x/../../../../arm-linux-androideabi/lib -L/home/jay/android-sdk-linux/android-ndk-r12b/platforms/android-23/arch-arm/usr/lib --build-id --warn-shared-textrel --fatal-warnings --no-undefined -z noexecstack -z relro -z now --gc-sections -z nocopyreloc --build-id --warn-shared-textrel --fatal-warnings --no-undefined -z noexecstack -z relro -z now --gc-sections -z nocopyreloc CMakeFiles/cmTC_336e9.dir/CMakeCCompilerABI.c.o -lgcc -ldl -lc -lgcc -ldl /home/jay/android-sdk-linux/android-ndk-r12b/platforms/android-23/arch-arm/usr/lib/../lib/crtend_android.o


Parsed C implicit link information from above output:
  link line regex: [^( *|.*[/\])(arm-linux-androideabi-ld|([^/\]+-)?ld|collect2)[^/\]*( |$)]
  ignore line: [Change Dir: /home/jay/Dropbox/Mtech/s3/Android_Thesis/test_codes/addr-info/samples/android-cross-compile/hello-ROP/app/.externalNativeBuild/cmake/armDebug/armeabi/CMakeFiles/CMakeTmp]
  ignore line: []
  ignore line: [Run Build Command:"/home/jay/android-sdk-linux/cmake/3.6.3155560/bin/ninja" "cmTC_336e9"]
  ignore line: [[1/2] Building C object CMakeFiles/cmTC_336e9.dir/CMakeCCompilerABI.c.o]
  ignore line: [[2/2] Linking C executable cmTC_336e9]
  ignore line: [Android clang version 3.8.256229  (based on LLVM 3.8.256229)]
  ignore line: [Target: armv5te-none-linux-android]
  ignore line: [Thread model: posix]
  ignore line: [InstalledDir: /home/jay/android-sdk-linux/android-ndk-r12b/toolchains/llvm/prebuilt/linux-x86_64/bin]
  ignore line: [Found candidate GCC installation: /home/jay/android-sdk-linux/android-ndk-r12b/toolchains/arm-linux-androideabi-4.9/prebuilt/linux-x86_64/lib/gcc/arm-linux-androideabi/4.9.x]
  ignore line: [Selected GCC installation: /home/jay/android-sdk-linux/android-ndk-r12b/toolchains/arm-linux-androideabi-4.9/prebuilt/linux-x86_64/lib/gcc/arm-linux-androideabi/4.9.x]
  ignore line: [Candidate multilib: .]
  ignore line: [@m32]
  ignore line: [Selected multilib: .]
  ignore line: [@m32]
  link line: [ "/home/jay/android-sdk-linux/android-ndk-r12b/toolchains/arm-linux-androideabi-4.9/prebuilt/linux-x86_64/lib/gcc/arm-linux-androideabi/4.9.x/../../../../arm-linux-androideabi/bin/ld" --sysroot=/home/jay/android-sdk-linux/android-ndk-r12b/platforms/android-23/arch-arm -pie -X --eh-frame-hdr -m armelf_linux_eabi -dynamic-linker /system/bin/linker -o cmTC_336e9 /home/jay/android-sdk-linux/android-ndk-r12b/platforms/android-23/arch-arm/usr/lib/../lib/crtbegin_dynamic.o -L/home/jay/android-sdk-linux/android-ndk-r12b/toolchains/arm-linux-androideabi-4.9/prebuilt/linux-x86_64/lib/gcc/arm-linux-androideabi/4.9.x -L/home/jay/android-sdk-linux/android-ndk-r12b/toolchains/arm-linux-androideabi-4.9/prebuilt/linux-x86_64/lib/gcc/arm-linux-androideabi/4.9.x/../../../../arm-linux-androideabi/lib/../lib -L/home/jay/android-sdk-linux/android-ndk-r12b/platforms/android-23/arch-arm/usr/lib/../lib -L/home/jay/android-sdk-linux/android-ndk-r12b/toolchains/arm-linux-androideabi-4.9/prebuilt/linux-x86_64/lib/gcc/arm-linux-androideabi/4.9.x/../../../../arm-linux-androideabi/lib -L/home/jay/android-sdk-linux/android-ndk-r12b/platforms/android-23/arch-arm/usr/lib --build-id --warn-shared-textrel --fatal-warnings --no-undefined -z noexecstack -z relro -z now --gc-sections -z nocopyreloc --build-id --warn-shared-textrel --fatal-warnings --no-undefined -z noexecstack -z relro -z now --gc-sections -z nocopyreloc CMakeFiles/cmTC_336e9.dir/CMakeCCompilerABI.c.o -lgcc -ldl -lc -lgcc -ldl /home/jay/android-sdk-linux/android-ndk-r12b/platforms/android-23/arch-arm/usr/lib/../lib/crtend_android.o]
    arg [/home/jay/android-sdk-linux/android-ndk-r12b/toolchains/arm-linux-androideabi-4.9/prebuilt/linux-x86_64/lib/gcc/arm-linux-androideabi/4.9.x/../../../../arm-linux-androideabi/bin/ld] ==> ignore
    arg [--sysroot=/home/jay/android-sdk-linux/android-ndk-r12b/platforms/android-23/arch-arm] ==> ignore
    arg [-pie] ==> ignore
    arg [-X] ==> ignore
    arg [--eh-frame-hdr] ==> ignore
    arg [-m] ==> ignore
    arg [armelf_linux_eabi] ==> ignore
    arg [-dynamic-linker] ==> ignore
    arg [/system/bin/linker] ==> ignore
    arg [-o] ==> ignore
    arg [cmTC_336e9] ==> ignore
    arg [/home/jay/android-sdk-linux/android-ndk-r12b/platforms/android-23/arch-arm/usr/lib/../lib/crtbegin_dynamic.o] ==> ignore
    arg [-L/home/jay/android-sdk-linux/android-ndk-r12b/toolchains/arm-linux-androideabi-4.9/prebuilt/linux-x86_64/lib/gcc/arm-linux-androideabi/4.9.x] ==> dir [/home/jay/android-sdk-linux/android-ndk-r12b/toolchains/arm-linux-androideabi-4.9/prebuilt/linux-x86_64/lib/gcc/arm-linux-androideabi/4.9.x]
    arg [-L/home/jay/android-sdk-linux/android-ndk-r12b/toolchains/arm-linux-androideabi-4.9/prebuilt/linux-x86_64/lib/gcc/arm-linux-androideabi/4.9.x/../../../../arm-linux-androideabi/lib/../lib] ==> dir [/home/jay/android-sdk-linux/android-ndk-r12b/toolchains/arm-linux-androideabi-4.9/prebuilt/linux-x86_64/lib/gcc/arm-linux-androideabi/4.9.x/../../../../arm-linux-androideabi/lib/../lib]
    arg [-L/home/jay/android-sdk-linux/android-ndk-r12b/platforms/android-23/arch-arm/usr/lib/../lib] ==> dir [/home/jay/android-sdk-linux/android-ndk-r12b/platforms/android-23/arch-arm/usr/lib/../lib]
    arg [-L/home/jay/android-sdk-linux/android-ndk-r12b/toolchains/arm-linux-androideabi-4.9/prebuilt/linux-x86_64/lib/gcc/arm-linux-androideabi/4.9.x/../../../../arm-linux-androideabi/lib] ==> dir [/home/jay/android-sdk-linux/android-ndk-r12b/toolchains/arm-linux-androideabi-4.9/prebuilt/linux-x86_64/lib/gcc/arm-linux-androideabi/4.9.x/../../../../arm-linux-androideabi/lib]
    arg [-L/home/jay/android-sdk-linux/android-ndk-r12b/platforms/android-23/arch-arm/usr/lib] ==> dir [/home/jay/android-sdk-linux/android-ndk-r12b/platforms/android-23/arch-arm/usr/lib]
    arg [--build-id] ==> ignore
    arg [--warn-shared-textrel] ==> ignore
    arg [--fatal-warnings] ==> ignore
    arg [--no-undefined] ==> ignore
    arg [-znoexecstack] ==> ignore
    arg [-zrelro] ==> ignore
    arg [-znow] ==> ignore
    arg [--gc-sections] ==> ignore
    arg [-znocopyreloc] ==> ignore
    arg [--build-id] ==> ignore
    arg [--warn-shared-textrel] ==> ignore
    arg [--fatal-warnings] ==> ignore
    arg [--no-undefined] ==> ignore
    arg [-znoexecstack] ==> ignore
    arg [-zrelro] ==> ignore
    arg [-znow] ==> ignore
    arg [--gc-sections] ==> ignore
    arg [-znocopyreloc] ==> ignore
    arg [CMakeFiles/cmTC_336e9.dir/CMakeCCompilerABI.c.o] ==> ignore
    arg [-lgcc] ==> lib [gcc]
    arg [-ldl] ==> lib [dl]
    arg [-lc] ==> lib [c]
    arg [-lgcc] ==> lib [gcc]
    arg [-ldl] ==> lib [dl]
    arg [/home/jay/android-sdk-linux/android-ndk-r12b/platforms/android-23/arch-arm/usr/lib/../lib/crtend_android.o] ==> ignore
  remove lib [gcc]
  remove lib [gcc]
  collapse library dir [/home/jay/android-sdk-linux/android-ndk-r12b/toolchains/arm-linux-androideabi-4.9/prebuilt/linux-x86_64/lib/gcc/arm-linux-androideabi/4.9.x] ==> [/home/jay/android-sdk-linux/android-ndk-r12b/toolchains/arm-linux-androideabi-4.9/prebuilt/linux-x86_64/lib/gcc/arm-linux-androideabi/4.9.x]
  collapse library dir [/home/jay/android-sdk-linux/android-ndk-r12b/toolchains/arm-linux-androideabi-4.9/prebuilt/linux-x86_64/lib/gcc/arm-linux-androideabi/4.9.x/../../../../arm-linux-androideabi/lib/../lib] ==> [/home/jay/android-sdk-linux/android-ndk-r12b/toolchains/arm-linux-androideabi-4.9/prebuilt/linux-x86_64/arm-linux-androideabi/lib]
  collapse library dir [/home/jay/android-sdk-linux/android-ndk-r12b/platforms/android-23/arch-arm/usr/lib/../lib] ==> [/home/jay/android-sdk-linux/android-ndk-r12b/platforms/android-23/arch-arm/usr/lib]
  collapse library dir [/home/jay/android-sdk-linux/android-ndk-r12b/toolchains/arm-linux-androideabi-4.9/prebuilt/linux-x86_64/lib/gcc/arm-linux-androideabi/4.9.x/../../../../arm-linux-androideabi/lib] ==> [/home/jay/android-sdk-linux/android-ndk-r12b/toolchains/arm-linux-androideabi-4.9/prebuilt/linux-x86_64/arm-linux-androideabi/lib]
  collapse library dir [/home/jay/android-sdk-linux/android-ndk-r12b/platforms/android-23/arch-arm/usr/lib] ==> [/home/jay/android-sdk-linux/android-ndk-r12b/platforms/android-23/arch-arm/usr/lib]
  implicit libs: [dl;c;dl]
  implicit dirs: [/home/jay/android-sdk-linux/android-ndk-r12b/toolchains/arm-linux-androideabi-4.9/prebuilt/linux-x86_64/lib/gcc/arm-linux-androideabi/4.9.x;/home/jay/android-sdk-linux/android-ndk-r12b/toolchains/arm-linux-androideabi-4.9/prebuilt/linux-x86_64/arm-linux-androideabi/lib;/home/jay/android-sdk-linux/android-ndk-r12b/platforms/android-23/arch-arm/usr/lib]
  implicit fwks: []


Determining if the CXX compiler works passed with the following output:
Change Dir: /home/jay/Dropbox/Mtech/s3/Android_Thesis/test_codes/addr-info/samples/android-cross-compile/hello-ROP/app/.externalNativeBuild/cmake/armDebug/armeabi/CMakeFiles/CMakeTmp

Run Build Command:"/home/jay/android-sdk-linux/cmake/3.6.3155560/bin/ninja" "cmTC_73654"
[1/2] Building CXX object CMakeFiles/cmTC_73654.dir/testCXXCompiler.cxx.o
[2/2] Linking CXX executable cmTC_73654


Detecting CXX compiler ABI info compiled with the following output:
Change Dir: /home/jay/Dropbox/Mtech/s3/Android_Thesis/test_codes/addr-info/samples/android-cross-compile/hello-ROP/app/.externalNativeBuild/cmake/armDebug/armeabi/CMakeFiles/CMakeTmp

Run Build Command:"/home/jay/android-sdk-linux/cmake/3.6.3155560/bin/ninja" "cmTC_a719c"
[1/2] Building CXX object CMakeFiles/cmTC_a719c.dir/CMakeCXXCompilerABI.cpp.o
[2/2] Linking CXX executable cmTC_a719c
Android clang version 3.8.256229  (based on LLVM 3.8.256229)
Target: armv5te-none-linux-android
Thread model: posix
InstalledDir: /home/jay/android-sdk-linux/android-ndk-r12b/toolchains/llvm/prebuilt/linux-x86_64/bin
Found candidate GCC installation: /home/jay/android-sdk-linux/android-ndk-r12b/toolchains/arm-linux-androideabi-4.9/prebuilt/linux-x86_64/lib/gcc/arm-linux-androideabi/4.9.x
Selected GCC installation: /home/jay/android-sdk-linux/android-ndk-r12b/toolchains/arm-linux-androideabi-4.9/prebuilt/linux-x86_64/lib/gcc/arm-linux-androideabi/4.9.x
Candidate multilib: .;@m32
Selected multilib: .;@m32
 "/home/jay/android-sdk-linux/android-ndk-r12b/toolchains/arm-linux-androideabi-4.9/prebuilt/linux-x86_64/lib/gcc/arm-linux-androideabi/4.9.x/../../../../arm-linux-androideabi/bin/ld" --sysroot=/home/jay/android-sdk-linux/android-ndk-r12b/platforms/android-23/arch-arm -pie -X --eh-frame-hdr -m armelf_linux_eabi -dynamic-linker /system/bin/linker -o cmTC_a719c /home/jay/android-sdk-linux/android-ndk-r12b/platforms/android-23/arch-arm/usr/lib/../lib/crtbegin_dynamic.o -L/home/jay/android-sdk-linux/android-ndk-r12b/toolchains/arm-linux-androideabi-4.9/prebuilt/linux-x86_64/lib/gcc/arm-linux-androideabi/4.9.x -L/home/jay/android-sdk-linux/android-ndk-r12b/toolchains/arm-linux-androideabi-4.9/prebuilt/linux-x86_64/lib/gcc/arm-linux-androideabi/4.9.x/../../../../arm-linux-androideabi/lib/../lib -L/home/jay/android-sdk-linux/android-ndk-r12b/platforms/android-23/arch-arm/usr/lib/../lib -L/home/jay/android-sdk-linux/android-ndk-r12b/toolchains/arm-linux-androideabi-4.9/prebuilt/linux-x86_64/lib/gcc/arm-linux-androideabi/4.9.x/../../../../arm-linux-androideabi/lib -L/home/jay/android-sdk-linux/android-ndk-r12b/platforms/android-23/arch-arm/usr/lib --build-id --warn-shared-textrel --fatal-warnings --no-undefined -z noexecstack -z relro -z now --gc-sections -z nocopyreloc --build-id --warn-shared-textrel --fatal-warnings --no-undefined -z noexecstack -z relro -z now --gc-sections -z nocopyreloc CMakeFiles/cmTC_a719c.dir/CMakeCXXCompilerABI.cpp.o -lstdc++ -lm -lgcc -lgcc -ldl -lc -lgcc -lgcc -ldl /home/jay/android-sdk-linux/android-ndk-r12b/platforms/android-23/arch-arm/usr/lib/../lib/crtend_android.o


Parsed CXX implicit link information from above output:
  link line regex: [^( *|.*[/\])(arm-linux-androideabi-ld|([^/\]+-)?ld|collect2)[^/\]*( |$)]
  ignore line: [Change Dir: /home/jay/Dropbox/Mtech/s3/Android_Thesis/test_codes/addr-info/samples/android-cross-compile/hello-ROP/app/.externalNativeBuild/cmake/armDebug/armeabi/CMakeFiles/CMakeTmp]
  ignore line: []
  ignore line: [Run Build Command:"/home/jay/android-sdk-linux/cmake/3.6.3155560/bin/ninja" "cmTC_a719c"]
  ignore line: [[1/2] Building CXX object CMakeFiles/cmTC_a719c.dir/CMakeCXXCompilerABI.cpp.o]
  ignore line: [[2/2] Linking CXX executable cmTC_a719c]
  ignore line: [Android clang version 3.8.256229  (based on LLVM 3.8.256229)]
  ignore line: [Target: armv5te-none-linux-android]
  ignore line: [Thread model: posix]
  ignore line: [InstalledDir: /home/jay/android-sdk-linux/android-ndk-r12b/toolchains/llvm/prebuilt/linux-x86_64/bin]
  ignore line: [Found candidate GCC installation: /home/jay/android-sdk-linux/android-ndk-r12b/toolchains/arm-linux-androideabi-4.9/prebuilt/linux-x86_64/lib/gcc/arm-linux-androideabi/4.9.x]
  ignore line: [Selected GCC installation: /home/jay/android-sdk-linux/android-ndk-r12b/toolchains/arm-linux-androideabi-4.9/prebuilt/linux-x86_64/lib/gcc/arm-linux-androideabi/4.9.x]
  ignore line: [Candidate multilib: .]
  ignore line: [@m32]
  ignore line: [Selected multilib: .]
  ignore line: [@m32]
  link line: [ "/home/jay/android-sdk-linux/android-ndk-r12b/toolchains/arm-linux-androideabi-4.9/prebuilt/linux-x86_64/lib/gcc/arm-linux-androideabi/4.9.x/../../../../arm-linux-androideabi/bin/ld" --sysroot=/home/jay/android-sdk-linux/android-ndk-r12b/platforms/android-23/arch-arm -pie -X --eh-frame-hdr -m armelf_linux_eabi -dynamic-linker /system/bin/linker -o cmTC_a719c /home/jay/android-sdk-linux/android-ndk-r12b/platforms/android-23/arch-arm/usr/lib/../lib/crtbegin_dynamic.o -L/home/jay/android-sdk-linux/android-ndk-r12b/toolchains/arm-linux-androideabi-4.9/prebuilt/linux-x86_64/lib/gcc/arm-linux-androideabi/4.9.x -L/home/jay/android-sdk-linux/android-ndk-r12b/toolchains/arm-linux-androideabi-4.9/prebuilt/linux-x86_64/lib/gcc/arm-linux-androideabi/4.9.x/../../../../arm-linux-androideabi/lib/../lib -L/home/jay/android-sdk-linux/android-ndk-r12b/platforms/android-23/arch-arm/usr/lib/../lib -L/home/jay/android-sdk-linux/android-ndk-r12b/toolchains/arm-linux-androideabi-4.9/prebuilt/linux-x86_64/lib/gcc/arm-linux-androideabi/4.9.x/../../../../arm-linux-androideabi/lib -L/home/jay/android-sdk-linux/android-ndk-r12b/platforms/android-23/arch-arm/usr/lib --build-id --warn-shared-textrel --fatal-warnings --no-undefined -z noexecstack -z relro -z now --gc-sections -z nocopyreloc --build-id --warn-shared-textrel --fatal-warnings --no-undefined -z noexecstack -z relro -z now --gc-sections -z nocopyreloc CMakeFiles/cmTC_a719c.dir/CMakeCXXCompilerABI.cpp.o -lstdc++ -lm -lgcc -lgcc -ldl -lc -lgcc -lgcc -ldl /home/jay/android-sdk-linux/android-ndk-r12b/platforms/android-23/arch-arm/usr/lib/../lib/crtend_android.o]
    arg [/home/jay/android-sdk-linux/android-ndk-r12b/toolchains/arm-linux-androideabi-4.9/prebuilt/linux-x86_64/lib/gcc/arm-linux-androideabi/4.9.x/../../../../arm-linux-androideabi/bin/ld] ==> ignore
    arg [--sysroot=/home/jay/android-sdk-linux/android-ndk-r12b/platforms/android-23/arch-arm] ==> ignore
    arg [-pie] ==> ignore
    arg [-X] ==> ignore
    arg [--eh-frame-hdr] ==> ignore
    arg [-m] ==> ignore
    arg [armelf_linux_eabi] ==> ignore
    arg [-dynamic-linker] ==> ignore
    arg [/system/bin/linker] ==> ignore
    arg [-o] ==> ignore
    arg [cmTC_a719c] ==> ignore
    arg [/home/jay/android-sdk-linux/android-ndk-r12b/platforms/android-23/arch-arm/usr/lib/../lib/crtbegin_dynamic.o] ==> ignore
    arg [-L/home/jay/android-sdk-linux/android-ndk-r12b/toolchains/arm-linux-androideabi-4.9/prebuilt/linux-x86_64/lib/gcc/arm-linux-androideabi/4.9.x] ==> dir [/home/jay/android-sdk-linux/android-ndk-r12b/toolchains/arm-linux-androideabi-4.9/prebuilt/linux-x86_64/lib/gcc/arm-linux-androideabi/4.9.x]
    arg [-L/home/jay/android-sdk-linux/android-ndk-r12b/toolchains/arm-linux-androideabi-4.9/prebuilt/linux-x86_64/lib/gcc/arm-linux-androideabi/4.9.x/../../../../arm-linux-androideabi/lib/../lib] ==> dir [/home/jay/android-sdk-linux/android-ndk-r12b/toolchains/arm-linux-androideabi-4.9/prebuilt/linux-x86_64/lib/gcc/arm-linux-androideabi/4.9.x/../../../../arm-linux-androideabi/lib/../lib]
    arg [-L/home/jay/android-sdk-linux/android-ndk-r12b/platforms/android-23/arch-arm/usr/lib/../lib] ==> dir [/home/jay/android-sdk-linux/android-ndk-r12b/platforms/android-23/arch-arm/usr/lib/../lib]
    arg [-L/home/jay/android-sdk-linux/android-ndk-r12b/toolchains/arm-linux-androideabi-4.9/prebuilt/linux-x86_64/lib/gcc/arm-linux-androideabi/4.9.x/../../../../arm-linux-androideabi/lib] ==> dir [/home/jay/android-sdk-linux/android-ndk-r12b/toolchains/arm-linux-androideabi-4.9/prebuilt/linux-x86_64/lib/gcc/arm-linux-androideabi/4.9.x/../../../../arm-linux-androideabi/lib]
    arg [-L/home/jay/android-sdk-linux/android-ndk-r12b/platforms/android-23/arch-arm/usr/lib] ==> dir [/home/jay/android-sdk-linux/android-ndk-r12b/platforms/android-23/arch-arm/usr/lib]
    arg [--build-id] ==> ignore
    arg [--warn-shared-textrel] ==> ignore
    arg [--fatal-warnings] ==> ignore
    arg [--no-undefined] ==> ignore
    arg [-znoexecstack] ==> ignore
    arg [-zrelro] ==> ignore
    arg [-znow] ==> ignore
    arg [--gc-sections] ==> ignore
    arg [-znocopyreloc] ==> ignore
    arg [--build-id] ==> ignore
    arg [--warn-shared-textrel] ==> ignore
    arg [--fatal-warnings] ==> ignore
    arg [--no-undefined] ==> ignore
    arg [-znoexecstack] ==> ignore
    arg [-zrelro] ==> ignore
    arg [-znow] ==> ignore
    arg [--gc-sections] ==> ignore
    arg [-znocopyreloc] ==> ignore
    arg [CMakeFiles/cmTC_a719c.dir/CMakeCXXCompilerABI.cpp.o] ==> ignore
    arg [-lstdc++] ==> lib [stdc++]
    arg [-lm] ==> lib [m]
    arg [-lgcc] ==> lib [gcc]
    arg [-lgcc] ==> lib [gcc]
    arg [-ldl] ==> lib [dl]
    arg [-lc] ==> lib [c]
    arg [-lgcc] ==> lib [gcc]
    arg [-lgcc] ==> lib [gcc]
    arg [-ldl] ==> lib [dl]
    arg [/home/jay/android-sdk-linux/android-ndk-r12b/platforms/android-23/arch-arm/usr/lib/../lib/crtend_android.o] ==> ignore
  remove lib [gcc]
  remove lib [gcc]
  remove lib [gcc]
  remove lib [gcc]
  collapse library dir [/home/jay/android-sdk-linux/android-ndk-r12b/toolchains/arm-linux-androideabi-4.9/prebuilt/linux-x86_64/lib/gcc/arm-linux-androideabi/4.9.x] ==> [/home/jay/android-sdk-linux/android-ndk-r12b/toolchains/arm-linux-androideabi-4.9/prebuilt/linux-x86_64/lib/gcc/arm-linux-androideabi/4.9.x]
  collapse library dir [/home/jay/android-sdk-linux/android-ndk-r12b/toolchains/arm-linux-androideabi-4.9/prebuilt/linux-x86_64/lib/gcc/arm-linux-androideabi/4.9.x/../../../../arm-linux-androideabi/lib/../lib] ==> [/home/jay/android-sdk-linux/android-ndk-r12b/toolchains/arm-linux-androideabi-4.9/prebuilt/linux-x86_64/arm-linux-androideabi/lib]
  collapse library dir [/home/jay/android-sdk-linux/android-ndk-r12b/platforms/android-23/arch-arm/usr/lib/../lib] ==> [/home/jay/android-sdk-linux/android-ndk-r12b/platforms/android-23/arch-arm/usr/lib]
  collapse library dir [/home/jay/android-sdk-linux/android-ndk-r12b/toolchains/arm-linux-androideabi-4.9/prebuilt/linux-x86_64/lib/gcc/arm-linux-androideabi/4.9.x/../../../../arm-linux-androideabi/lib] ==> [/home/jay/android-sdk-linux/android-ndk-r12b/toolchains/arm-linux-androideabi-4.9/prebuilt/linux-x86_64/arm-linux-androideabi/lib]
  collapse library dir [/home/jay/android-sdk-linux/android-ndk-r12b/platforms/android-23/arch-arm/usr/lib] ==> [/home/jay/android-sdk-linux/android-ndk-r12b/platforms/android-23/arch-arm/usr/lib]
  implicit libs: [stdc++;m;dl;c;dl]
  implicit dirs: [/home/jay/android-sdk-linux/android-ndk-r12b/toolchains/arm-linux-androideabi-4.9/prebuilt/linux-x86_64/lib/gcc/arm-linux-androideabi/4.9.x;/home/jay/android-sdk-linux/android-ndk-r12b/toolchains/arm-linux-androideabi-4.9/prebuilt/linux-x86_64/arm-linux-androideabi/lib;/home/jay/android-sdk-linux/android-ndk-r12b/platforms/android-23/arch-arm/usr/lib]
  implicit fwks: []


